<?xml version="1.0" encoding="UTF-8"?>
<testsuites name="jest tests" tests="4" failures="0" errors="0" time="1.219">
  <testsuite name="Content Validation" errors="0" failures="0" skipped="0" timestamp="2024-12-22T19:18:11" time="0.968" tests="3">
    <testcase classname="Content Validation should contain a specific title in the HTML" name="Content Validation should contain a specific title in the HTML" time="0.033">
    </testcase>
    <testcase classname="Content Validation should contain a button with specific text" name="Content Validation should contain a button with specific text" time="0.006">
    </testcase>
    <testcase classname="Content Validation should load the CSS file" name="Content Validation should load the CSS file" time="0.006">
    </testcase>
  </testsuite>
  <testsuite name="Homepage Response" errors="0" failures="0" skipped="0" timestamp="2024-12-22T19:18:12" time="0.136" tests="1">
    <testcase classname="Homepage Response should return 200 OK and the HTML content" name="Homepage Response should return 200 OK and the HTML content" time="0.007">
    </testcase>
  </testsuite>
</testsuites>